build/app/outputs/mapping/release/mapping.txt
# compiler: R8
# compiler_version: 1.5.64
# min_api: 16
# pg_map_id: 48105e3
com.example.drop_chip.MainActivity -> com.example.drop_chip.MainActivity:
    void configureFlutterEngine(io.flutter.embedding.engine.FlutterEngine) -> b
...
com.google.firestore.v1.MapValue -> b.a.e.a.f0:
    com.google.protobuf.Parser PARSER -> f
    com.google.protobuf.MapFieldLite fields_ -> d
    com.google.firestore.v1.MapValue DEFAULT_INSTANCE -> e
    java.util.Map access$100(com.google.firestore.v1.MapValue) -> a
    java.lang.Object dynamicMethod(com.google.protobuf.GeneratedMessageLite$MethodToInvoke,java.lang.Object,java.lang.Object) -> a
    void writeTo(com.google.protobuf.CodedOutputStream) -> a
    int getSerializedSize() -> d
    java.util.Map getFieldsMap() -> l
    com.google.firestore.v1.MapValue access$000() -> m
    com.google.firestore.v1.MapValue getDefaultInstance() -> n
    java.util.Map getMutableFieldsMap() -> o
    com.google.protobuf.MapFieldLite internalGetFields() -> p
    com.google.protobuf.MapFieldLite internalGetMutableFields() -> q
    com.google.firestore.v1.MapValue$Builder newBuilder() -> r
    com.google.protobuf.Parser parser() -> s
com.google.firestore.v1.MapValue$1 -> b.a.e.a.f0$a:
    int[] $SwitchMap$com$google$protobuf$GeneratedMessageLite$MethodToInvoke -> a
com.google.firestore.v1.MapValue$Builder -> b.a.e.a.f0$b:
    com.google.firestore.v1.MapValue$Builder putFields(java.lang.String,com.google.firestore.v1.Value) -> a
com.google.firestore.v1.MapValue$FieldsDefaultEntryHolder -> b.a.e.a.f0$c:
    com.google.protobuf.MapEntryLite defaultEntry -> a
com.google.firestore.v1.MapValueOrBuilder -> b.a.e.a.g0:
com.google.firestore.v1.Precondition -> b.a.e.a.h0:
    com.google.protobuf.Parser PARSER -> g
    java.lang.Object conditionType_ -> e
    com.google.firestore.v1.Precondition DEFAULT_INSTANCE -> f
    int conditionTypeCase_ -> d
    void access$200(com.google.firestore.v1.Precondition,boolean) -> a
    void access$400(com.google.firestore.v1.Precondition,com.google.protobuf.Timestamp) -> a
    java.lang.Object dynamicMethod(com.google.protobuf.GeneratedMessageLite$MethodToInvoke,java.lang.Object,java.lang.Object) -> a
    void setExists(boolean) -> a
    void setUpdateTime(com.google.protobuf.Timestamp) -> a
    void writeTo(com.google.protobuf.CodedOutputStream) -> a
    int getSerializedSize() -> d
    com.google.firestore.v1.Precondition$ConditionTypeCase getConditionTypeCase() -> l
    boolean getExists() -> m
    com.google.protobuf.Timestamp getUpdateTime() -> n
    com.google.firestore.v1.Precondition access$000() -> o
    com.google.firestore.v1.Precondition getDefaultInstance() -> p
    com.google.firestore.v1.Precondition$Builder newBuilder() -> q
    com.google.protobuf.Parser parser() -> r
com.google.firestore.v1.Precondition$1 -> b.a.e.a.h0$a:
    int[] $SwitchMap$com$google$protobuf$GeneratedMessageLite$MethodToInvoke -> b
    int[] $SwitchMap$com$google$firestore$v1$Precondition$ConditionTypeCase -> a
com.google.firestore.v1.Precondition$Builder -> b.a.e.a.h0$b:
    com.google.firestore.v1.Precondition$Builder setExists(boolean) -> a
    com.google.firestore.v1.Precondition$Builder setUpdateTime(com.google.protobuf.Timestamp) -> a
com.google.firestore.v1.Precondition$ConditionTypeCase -> b.a.e.a.h0$c:
    com.google.firestore.v1.Precondition$ConditionTypeCase EXISTS -> b
    com.google.firestore.v1.Precondition$ConditionTypeCase UPDATE_TIME -> c
    com.google.firestore.v1.Precondition$ConditionTypeCase CONDITIONTYPE_NOT_SET -> d
    com.google.firestore.v1.Precondition$ConditionTypeCase[] $VALUES -> e
    int value -> a
    com.google.firestore.v1.Precondition$ConditionTypeCase forNumber(int) -> a
    int getNumber() -> a
com.google.firestore.v1.PreconditionOrBuilder -> b.a.e.a.i0: